<?xml version="1.0" encoding="UTF-8"?>
<!-- Generated by org.testng.reporters.JUnitReportReporter -->
<testsuite skipped="0" hostname="1bd54116c39a" name="com.docker.tests.GoogleTest" tests="5" failures="0" timestamp="22 May 2019 11:36:12 GMT" time="77.170" errors="0">
  <testcase name="googleTest1" time="4.902" classname="com.docker.tests.GoogleTest"/>
  <testcase name="googleTest4" time="4.685" classname="com.docker.tests.GoogleTest"/>
  <testcase name="googleTest2" time="56.091" classname="com.docker.tests.GoogleTest"/>
  <testcase name="googleTest5" time="5.257" classname="com.docker.tests.GoogleTest"/>
  <testcase name="googleTest3" time="6.235" classname="com.docker.tests.GoogleTest"/>
</testsuite> <!-- com.docker.tests.GoogleTest -->
