<?xml version="1.0" encoding="UTF-8"?>
<!-- Generated by org.testng.reporters.JUnitReportReporter -->
<testsuite skipped="0" hostname="5d8d47cdaaf8" name="com.docker.tests.GoogleTest" tests="15" failures="0" timestamp="21 May 2019 05:21:00 GMT" time="195.347" errors="0">
  <testcase name="googleTest2" time="6.498" classname="com.docker.tests.GoogleTest"/>
  <testcase name="googleTest1" time="6.431" classname="com.docker.tests.GoogleTest"/>
  <testcase name="googleTest3" time="8.742" classname="com.docker.tests.GoogleTest"/>
  <testcase name="googleTest5" time="5.082" classname="com.docker.tests.GoogleTest"/>
  <testcase name="googleTest1" time="38.963" classname="com.docker.tests.GoogleTest"/>
  <testcase name="googleTest3" time="7.333" classname="com.docker.tests.GoogleTest"/>
  <testcase name="googleTest5" time="23.917" classname="com.docker.tests.GoogleTest"/>
  <testcase name="googleTest1" time="5.200" classname="com.docker.tests.GoogleTest"/>
  <testcase name="googleTest4" time="9.812" classname="com.docker.tests.GoogleTest"/>
  <testcase name="googleTest5" time="15.470" classname="com.docker.tests.GoogleTest"/>
  <testcase name="googleTest2" time="30.900" classname="com.docker.tests.GoogleTest"/>
  <testcase name="googleTest3" time="13.232" classname="com.docker.tests.GoogleTest"/>
  <testcase name="googleTest4" time="11.134" classname="com.docker.tests.GoogleTest"/>
  <testcase name="googleTest4" time="6.084" classname="com.docker.tests.GoogleTest"/>
  <testcase name="googleTest2" time="6.549" classname="com.docker.tests.GoogleTest"/>
</testsuite> <!-- com.docker.tests.GoogleTest -->
