<?xml version="1.0" encoding="UTF-8"?>
<!-- Generated by org.testng.reporters.JUnitReportReporter -->
<testsuite skipped="0" hostname="ab5fb3e64f71" name="com.docker.tests.GoogleTest" tests="5" failures="0" timestamp="23 May 2019 13:22:38 GMT" time="28.241" errors="0">
  <testcase name="googleTest1" time="4.423" classname="com.docker.tests.GoogleTest"/>
  <testcase name="googleTest4" time="3.681" classname="com.docker.tests.GoogleTest"/>
  <testcase name="googleTest2" time="10.910" classname="com.docker.tests.GoogleTest"/>
  <testcase name="googleTest5" time="4.410" classname="com.docker.tests.GoogleTest"/>
  <testcase name="googleTest3" time="4.817" classname="com.docker.tests.GoogleTest"/>
</testsuite> <!-- com.docker.tests.GoogleTest -->
