<?xml version="1.0" encoding="UTF-8"?>
<!-- Generated by org.testng.reporters.JUnitReportReporter -->
<testsuite skipped="0" hostname="985efa9e019b" name="com.docker.tests.GoogleTest" tests="5" failures="0" timestamp="22 May 2019 13:28:33 GMT" time="34.751" errors="0">
  <testcase name="googleTest4" time="5.593" classname="com.docker.tests.GoogleTest"/>
  <testcase name="googleTest2" time="5.278" classname="com.docker.tests.GoogleTest"/>
  <testcase name="googleTest5" time="12.821" classname="com.docker.tests.GoogleTest"/>
  <testcase name="googleTest1" time="5.359" classname="com.docker.tests.GoogleTest"/>
  <testcase name="googleTest3" time="5.700" classname="com.docker.tests.GoogleTest"/>
</testsuite> <!-- com.docker.tests.GoogleTest -->
