<?xml version="1.0" encoding="UTF-8"?>
<!-- Generated by org.testng.reporters.JUnitReportReporter -->
<testsuite skipped="0" hostname="429123fe3cc9" name="com.docker.tests.GoogleTest" tests="5" failures="0" timestamp="23 May 2019 10:25:35 GMT" time="32.274" errors="0">
  <testcase name="googleTest4" time="3.777" classname="com.docker.tests.GoogleTest"/>
  <testcase name="googleTest2" time="5.033" classname="com.docker.tests.GoogleTest"/>
  <testcase name="googleTest5" time="13.272" classname="com.docker.tests.GoogleTest"/>
  <testcase name="googleTest1" time="5.164" classname="com.docker.tests.GoogleTest"/>
  <testcase name="googleTest3" time="5.028" classname="com.docker.tests.GoogleTest"/>
</testsuite> <!-- com.docker.tests.GoogleTest -->
