<?xml version="1.0" encoding="UTF-8"?>
<!-- Generated by org.testng.reporters.JUnitReportReporter -->
<testsuite skipped="0" hostname="VDDP35X-98GU9EX" name="dockerDemo.GoogleTest" tests="5" failures="0" timestamp="24 Apr 2019 08:01:30 GMT" time="58.051" errors="0">
  <testcase name="googleTest4" time="10.526" classname="dockerDemo.GoogleTest"/>
  <testcase name="googleTest5" time="10.858" classname="dockerDemo.GoogleTest"/>
  <testcase name="googleTest2" time="14.008" classname="dockerDemo.GoogleTest"/>
  <testcase name="googleTest1" time="10.506" classname="dockerDemo.GoogleTest"/>
  <testcase name="googleTest3" time="12.153" classname="dockerDemo.GoogleTest"/>
</testsuite> <!-- dockerDemo.GoogleTest -->
